# JRE version: Java(TM) SE Runtime Environment (8.0_121-b13) (build 1.8.0_121-b13)
# Java VM: Java HotSpot(TM) 64-Bit Server VM (25.121-b13 mixed mode bsd-amd64 compressed oops)
Heap:
 PSYoungGen      total 435712K, used 247374K [0x00000007a5580000, 0x00000007c0000000, 0x00000007c0000000)
  eden space 434688K, 56% used [0x00000007a5580000,0x00000007b46fb968,0x00000007bfe00000)
  from space 1024K, 9% used [0x00000007bff00000,0x00000007bff18000,0x00000007c0000000)
  to   space 1024K, 0% used [0x00000007bfe00000,0x00000007bfe00000,0x00000007bff00000)
 ParOldGen       total 128000K, used 63465K [0x0000000770000000, 0x0000000777d00000, 0x00000007a5580000)
  object space 128000K, 49% used [0x0000000770000000,0x0000000773dfa5b0,0x0000000777d00000)
 Metaspace       used 15852K, capacity 16026K, committed 16256K, reserved 1062912K
  class space    used 1967K, capacity 2051K, committed 2176K, reserved 1048576K
GC Heap History (10 events):
Event: 20.745 GC heap before
{Heap before GC invocations=47 (full 1):
 PSYoungGen      total 435712K, used 434752K [0x00000007a5580000, 0x00000007c0000000, 0x00000007c0000000)
  eden space 434688K, 100% used [0x00000007a5580000,0x00000007bfe00000,0x00000007bfe00000)
  from space 1024K, 6% used [0x00000007bfe00000,0x00000007bfe10000,0x00000007bff00000)
  to   space 1024K, 0% used [0x00000007bff00000,0x00000007bff00000,0x00000007c0000000)
 ParOldGen       total 128000K, used 63401K [0x0000000770000000, 0x0000000777d00000, 0x00000007a5580000)
  object space 128000K, 49% used [0x0000000770000000,0x0000000773dea5b0,0x0000000777d00000)
 Metaspace       used 15841K, capacity 16026K, committed 16256K, reserved 1062912K
  class space    used 1967K, capacity 2051K, committed 2176K, reserved 1048576K
Event: 20.748 GC heap after
Heap after GC invocations=47 (full 1):
 PSYoungGen      total 435712K, used 96K [0x00000007a5580000, 0x00000007c0000000, 0x00000007c0000000)
  eden space 434688K, 0% used [0x00000007a5580000,0x00000007a5580000,0x00000007bfe00000)
  from space 1024K, 9% used [0x00000007bff00000,0x00000007bff18000,0x00000007c0000000)
  to   space 1024K, 0% used [0x00000007bfe00000,0x00000007bfe00000,0x00000007bff00000)
 ParOldGen       total 128000K, used 63417K [0x0000000770000000, 0x0000000777d00000, 0x00000007a5580000)
  object space 128000K, 49% used [0x0000000770000000,0x0000000773dee5b0,0x0000000777d00000)
 Metaspace       used 15841K, capacity 16026K, committed 16256K, reserved 1062912K
  class space    used 1967K, capacity 2051K, committed 2176K, reserved 1048576K
}
Event: 21.158 GC heap before
{Heap before GC invocations=48 (full 1):
 PSYoungGen      total 435712K, used 434784K [0x00000007a5580000, 0x00000007c0000000, 0x00000007c0000000)
  eden space 434688K, 100% used [0x00000007a5580000,0x00000007bfe00000,0x00000007bfe00000)
  from space 1024K, 9% used [0x00000007bff00000,0x00000007bff18000,0x00000007c0000000)
  to   space 1024K, 0% used [0x00000007bfe00000,0x00000007bfe00000,0x00000007bff00000)
 ParOldGen       total 128000K, used 63417K [0x0000000770000000, 0x0000000777d00000, 0x00000007a5580000)
  object space 128000K, 49% used [0x0000000770000000,0x0000000773dee5b0,0x0000000777d00000)
 Metaspace       used 15846K, capacity 16026K, committed 16256K, reserved 1062912K
  class space    used 1967K, capacity 2051K, committed 2176K, reserved 1048576K
Event: 21.161 GC heap after
Heap after GC invocations=48 (full 1):
 PSYoungGen      total 435712K, used 96K [0x00000007a5580000, 0x00000007c0000000, 0x00000007c0000000)
  eden space 434688K, 0% used [0x00000007a5580000,0x00000007a5580000,0x00000007bfe00000)
  from space 1024K, 9% used [0x00000007bfe00000,0x00000007bfe18000,0x00000007bff00000)
  to   space 1024K, 0% used [0x00000007bff00000,0x00000007bff00000,0x00000007c0000000)
 ParOldGen       total 128000K, used 63425K [0x0000000770000000, 0x0000000777d00000, 0x00000007a5580000)
  object space 128000K, 49% used [0x0000000770000000,0x0000000773df05b0,0x0000000777d00000)
 Metaspace       used 15846K, capacity 16026K, committed 16256K, reserved 1062912K
  class space    used 1967K, capacity 2051K, committed 2176K, reserved 1048576K
}
Event: 21.497 GC heap before
{Heap before GC invocations=49 (full 1):
 PSYoungGen      total 435712K, used 434784K [0x00000007a5580000, 0x00000007c0000000, 0x00000007c0000000)
  eden space 434688K, 100% used [0x00000007a5580000,0x00000007bfe00000,0x00000007bfe00000)
  from space 1024K, 9% used [0x00000007bfe00000,0x00000007bfe18000,0x00000007bff00000)
  to   space 1024K, 0% used [0x00000007bff00000,0x00000007bff00000,0x00000007c0000000)
 ParOldGen       total 128000K, used 63425K [0x0000000770000000, 0x0000000777d00000, 0x00000007a5580000)
  object space 128000K, 49% used [0x0000000770000000,0x0000000773df05b0,0x0000000777d00000)
 Metaspace       used 15846K, capacity 16026K, committed 16256K, reserved 1062912K
  class space    used 1967K, capacity 2051K, committed 2176K, reserved 1048576K
Event: 21.499 GC heap after
Heap after GC invocations=49 (full 1):
 PSYoungGen      total 435712K, used 64K [0x00000007a5580000, 0x00000007c0000000, 0x00000007c0000000)
  eden space 434688K, 0% used [0x00000007a5580000,0x00000007a5580000,0x00000007bfe00000)
  from space 1024K, 6% used [0x00000007bff00000,0x00000007bff10000,0x00000007c0000000)
  to   space 1024K, 0% used [0x00000007bfe00000,0x00000007bfe00000,0x00000007bff00000)
 ParOldGen       total 128000K, used 63441K [0x0000000770000000, 0x0000000777d00000, 0x00000007a5580000)
  object space 128000K, 49% used [0x0000000770000000,0x0000000773df45b0,0x0000000777d00000)
 Metaspace       used 15846K, capacity 16026K, committed 16256K, reserved 1062912K
  class space    used 1967K, capacity 2051K, committed 2176K, reserved 1048576K
}
Event: 21.884 GC heap before
{Heap before GC invocations=50 (full 1):
 PSYoungGen      total 435712K, used 434752K [0x00000007a5580000, 0x00000007c0000000, 0x00000007c0000000)
  eden space 434688K, 100% used [0x00000007a5580000,0x00000007bfe00000,0x00000007bfe00000)
  from space 1024K, 6% used [0x00000007bff00000,0x00000007bff10000,0x00000007c0000000)
  to   space 1024K, 0% used [0x00000007bfe00000,0x00000007bfe00000,0x00000007bff00000)
 ParOldGen       total 128000K, used 63441K [0x0000000770000000, 0x0000000777d00000, 0x00000007a5580000)
  object space 128000K, 49% used [0x0000000770000000,0x0000000773df45b0,0x0000000777d00000)
 Metaspace       used 15850K, capacity 16026K, committed 16256K, reserved 1062912K
  class space    used 1967K, capacity 2051K, committed 2176K, reserved 1048576K
Event: 21.887 GC heap after
Heap after GC invocations=50 (full 1):
 PSYoungGen      total 435712K, used 96K [0x00000007a5580000, 0x00000007c0000000, 0x00000007c0000000)
  eden space 434688K, 0% used [0x00000007a5580000,0x00000007a5580000,0x00000007bfe00000)
  from space 1024K, 9% used [0x00000007bfe00000,0x00000007bfe18000,0x00000007bff00000)
  to   space 1024K, 0% used [0x00000007bff00000,0x00000007bff00000,0x00000007c0000000)
 ParOldGen       total 128000K, used 63449K [0x0000000770000000, 0x0000000777d00000, 0x00000007a5580000)
  object space 128000K, 49% used [0x0000000770000000,0x0000000773df65b0,0x0000000777d00000)
 Metaspace       used 15850K, capacity 16026K, committed 16256K, reserved 1062912K
  class space    used 1967K, capacity 2051K, committed 2176K, reserved 1048576K
}
Event: 22.255 GC heap before
{Heap before GC invocations=51 (full 1):
 PSYoungGen      total 435712K, used 434784K [0x00000007a5580000, 0x00000007c0000000, 0x00000007c0000000)
  eden space 434688K, 100% used [0x00000007a5580000,0x00000007bfe00000,0x00000007bfe00000)
  from space 1024K, 9% used [0x00000007bfe00000,0x00000007bfe18000,0x00000007bff00000)
  to   space 1024K, 0% used [0x00000007bff00000,0x00000007bff00000,0x00000007c0000000)
 ParOldGen       total 128000K, used 63449K [0x0000000770000000, 0x0000000777d00000, 0x00000007a5580000)
  object space 128000K, 49% used [0x0000000770000000,0x0000000773df65b0,0x0000000777d00000)
 Metaspace       used 15851K, capacity 16026K, committed 16256K, reserved 1062912K
  class space    used 1967K, capacity 2051K, committed 2176K, reserved 1048576K
Event: 22.258 GC heap after
Heap after GC invocations=51 (full 1):
 PSYoungGen      total 435712K, used 96K [0x00000007a5580000, 0x00000007c0000000, 0x00000007c0000000)
  eden space 434688K, 0% used [0x00000007a5580000,0x00000007a5580000,0x00000007bfe00000)
  from space 1024K, 9% used [0x00000007bff00000,0x00000007bff18000,0x00000007c0000000)
  to   space 1024K, 0% used [0x00000007bfe00000,0x00000007bfe00000,0x00000007bff00000)
 ParOldGen       total 128000K, used 63465K [0x0000000770000000, 0x0000000777d00000, 0x00000007a5580000)
  object space 128000K, 49% used [0x0000000770000000,0x0000000773dfa5b0,0x0000000777d00000)
 Metaspace       used 15851K, capacity 16026K, committed 16256K, reserved 1062912K
  class space    used 1967K, capacity 2051K, committed 2176K, reserved 1048576K
}

